c:\users\jshentu\documents\hellovulkan\hellovulkan\tegra-android\debug\libs\armeabi-v7a\libhellovulkan.so
c:\users\jshentu\documents\hellovulkan\hellovulkan\tegra-android\debug\libs\armeabi-v7a\gdbserver
c:\users\jshentu\documents\hellovulkan\hellovulkan\tegra-android\debug\libs\arm64-v8a\libhellovulkan.so
c:\users\jshentu\documents\hellovulkan\hellovulkan\tegra-android\debug\libs\arm64-v8a\gdbserver
c:\users\jshentu\documents\hellovulkan\tegra-android\debug\libhellovulkan.so
c:\users\jshentu\documents\hellovulkan\hellovulkan\tegra-android\debug\main.o
c:\users\jshentu\documents\hellovulkan\hellovulkan\tegra-android\debug\android_native_app_glue.o
c:\users\jshentu\documents\hellovulkan\hellovulkan\tegra-android\debug\ant.config.cache
c:\users\jshentu\documents\hellovulkan\hellovulkan\tegra-android\debug\ant.command.1.tlog
c:\users\jshentu\documents\hellovulkan\hellovulkan\tegra-android\debug\ant.write.1.tlog
c:\users\jshentu\documents\hellovulkan\hellovulkan\tegra-android\debug\ant_log.xml
c:\users\jshentu\documents\hellovulkan\hellovulkan\tegra-android\debug\nsight_tegra_build.xml
c:\users\jshentu\documents\hellovulkan\hellovulkan\tegra-android\debug\nsight_tegra_manifest.xml
c:\users\jshentu\documents\hellovulkan\hellovulkan\tegra-android\debug\hellovulkan.tlog\aarch64-linux-android-g++-collect2.read.1.tlog
c:\users\jshentu\documents\hellovulkan\hellovulkan\tegra-android\debug\hellovulkan.tlog\aarch64-linux-android-g++-collect2.write.1.tlog
c:\users\jshentu\documents\hellovulkan\hellovulkan\tegra-android\debug\hellovulkan.tlog\aarch64-linux-android-g++-link.command.1.tlog
c:\users\jshentu\documents\hellovulkan\hellovulkan\tegra-android\debug\hellovulkan.tlog\aarch64-linux-android-g++.compile.command.1.tlog
c:\users\jshentu\documents\hellovulkan\hellovulkan\tegra-android\debug\hellovulkan.tlog\aarch64-linux-android-g++.compile.read.1.tlog
c:\users\jshentu\documents\hellovulkan\hellovulkan\tegra-android\debug\hellovulkan.tlog\aarch64-linux-android-g++.compile.write.1.tlog
c:\users\jshentu\documents\hellovulkan\hellovulkan\tegra-android\debug\hellovulkan.tlog\aarch64-linux-android-g++.read.1.tlog
c:\users\jshentu\documents\hellovulkan\hellovulkan\tegra-android\debug\hellovulkan.tlog\aarch64-linux-android-g++.write.1.tlog
c:\users\jshentu\documents\hellovulkan\hellovulkan\tegra-android\debug\hellovulkan.tlog\arm-linux-androideabi-g++-collect2.read.1.tlog
c:\users\jshentu\documents\hellovulkan\hellovulkan\tegra-android\debug\hellovulkan.tlog\arm-linux-androideabi-g++-collect2.write.1.tlog
c:\users\jshentu\documents\hellovulkan\hellovulkan\tegra-android\debug\hellovulkan.tlog\arm-linux-androideabi-g++-link.command.1.tlog
c:\users\jshentu\documents\hellovulkan\hellovulkan\tegra-android\debug\hellovulkan.tlog\arm-linux-androideabi-g++.compile.command.1.tlog
c:\users\jshentu\documents\hellovulkan\hellovulkan\tegra-android\debug\hellovulkan.tlog\arm-linux-androideabi-g++.compile.read.1.tlog
c:\users\jshentu\documents\hellovulkan\hellovulkan\tegra-android\debug\hellovulkan.tlog\arm-linux-androideabi-g++.compile.write.1.tlog
c:\users\jshentu\documents\hellovulkan\hellovulkan\tegra-android\debug\hellovulkan.tlog\arm-linux-androideabi-g++.read.1.tlog
c:\users\jshentu\documents\hellovulkan\hellovulkan\tegra-android\debug\hellovulkan.tlog\arm-linux-androideabi-g++.write.1.tlog
